{"C:\\TheHauWeb\\Learning\\expressjs\\express-typescript\\src\\config\\database.ts": {"path":"C:\\TheHauWeb\\Learning\\expressjs\\express-typescript\\src\\config\\database.ts","statementMap":{"0":{"start":{"line":1,"column":0},"end":{"line":1,"column":37}},"1":{"start":{"line":3,"column":31},"end":{"line":14,"column":null}},"2":{"start":{"line":17,"column":0},"end":{"line":17,"column":26}}},"fnMap":{},"branchMap":{},"s":{"0":0,"1":0,"2":0},"f":{},"b":{}}
,"C:\\TheHauWeb\\Learning\\expressjs\\express-typescript\\src\\constraints\\uniqueEmailConstraint.ts": {"path":"C:\\TheHauWeb\\Learning\\expressjs\\express-typescript\\src\\constraints\\uniqueEmailConstraint.ts","statementMap":{"0":{"start":{"line":1,"column":0},"end":{"line":1,"column":105}},"1":{"start":{"line":2,"column":0},"end":{"line":2,"column":38}},"2":{"start":{"line":3,"column":0},"end":{"line":3,"column":44}},"3":{"start":{"line":6,"column":0},"end":{"line":6,"column":13}},"4":{"start":{"line":7,"column":8},"end":{"line":11,"column":null}},"5":{"start":{"line":8,"column":10},"end":{"line":8,"column":58}},"6":{"start":{"line":9,"column":17},"end":{"line":9,"column":null}},"7":{"start":{"line":9,"column":10},"end":{"line":9,"column":null}},"8":{"start":{"line":10,"column":4},"end":{"line":10,"column":17}},"9":{"start":{"line":13,"column":2},"end":{"line":15,"column":null}},"10":{"start":{"line":14,"column":4},"end":{"line":14,"column":41}},"11":{"start":{"line":6,"column":13},"end":{"line":16,"column":null}},"12":{"start":{"line":16,"column":0},"end":{"line":16,"column":null}},"13":{"start":{"line":6,"column":13},"end":{"line":6,"column":42}}},"fnMap":{"0":{"name":"(anonymous_15)","decl":{"start":{"line":6,"column":0},"end":{"line":6,"column":13}},"loc":{"start":{"line":6,"column":0},"end":{"line":6,"column":13}}},"1":{"name":"(anonymous_17)","decl":{"start":{"line":7,"column":2},"end":{"line":7,"column":8}},"loc":{"start":{"line":7,"column":30},"end":{"line":11,"column":null}}},"2":{"name":"(anonymous_20)","decl":{"start":{"line":13,"column":2},"end":{"line":13,"column":16}},"loc":{"start":{"line":13,"column":42},"end":{"line":15,"column":3}}}},"branchMap":{},"s":{"0":0,"1":0,"2":0,"3":0,"4":0,"5":0,"6":0,"7":0,"8":0,"9":0,"10":0,"11":0,"12":0,"13":0},"f":{"0":0,"1":0,"2":0},"b":{}}
,"C:\\TheHauWeb\\Learning\\expressjs\\express-typescript\\src\\controllers\\comment.controller.ts": {"path":"C:\\TheHauWeb\\Learning\\expressjs\\express-typescript\\src\\controllers\\comment.controller.ts","statementMap":{"0":{"start":{"line":1,"column":0},"end":{"line":1,"column":113}},"1":{"start":{"line":2,"column":0},"end":{"line":2,"column":58}},"2":{"start":{"line":7,"column":0},"end":{"line":7,"column":21}},"3":{"start":{"line":9,"column":15},"end":{"line":11,"column":null}},"4":{"start":{"line":10,"column":4},"end":{"line":10,"column":25}},"5":{"start":{"line":14,"column":15},"end":{"line":16,"column":null}},"6":{"start":{"line":15,"column":4},"end":{"line":15,"column":31}},"7":{"start":{"line":19,"column":15},"end":{"line":21,"column":null}},"8":{"start":{"line":20,"column":4},"end":{"line":20,"column":30}},"9":{"start":{"line":7,"column":21},"end":{"line":22,"column":null}},"10":{"start":{"line":22,"column":0},"end":{"line":22,"column":null}},"11":{"start":{"line":7,"column":21},"end":{"line":7,"column":null}}},"fnMap":{"0":{"name":"(anonymous_17)","decl":{"start":{"line":7,"column":0},"end":{"line":7,"column":21}},"loc":{"start":{"line":7,"column":0},"end":{"line":7,"column":21}}},"1":{"name":"(anonymous_19)","decl":{"start":{"line":9,"column":15},"end":{"line":9,"column":26}},"loc":{"start":{"line":9,"column":15},"end":{"line":11,"column":null}}},"2":{"name":"(anonymous_22)","decl":{"start":{"line":14,"column":15},"end":{"line":14,"column":28}},"loc":{"start":{"line":14,"column":58},"end":{"line":16,"column":null}}},"3":{"name":"(anonymous_25)","decl":{"start":{"line":19,"column":15},"end":{"line":19,"column":29}},"loc":{"start":{"line":19,"column":48},"end":{"line":21,"column":null}}}},"branchMap":{},"s":{"0":0,"1":0,"2":0,"3":0,"4":0,"5":0,"6":0,"7":0,"8":0,"9":0,"10":0,"11":0},"f":{"0":0,"1":0,"2":0,"3":0},"b":{}}
,"C:\\TheHauWeb\\Learning\\expressjs\\express-typescript\\src\\controllers\\ping.controller.ts": {"path":"C:\\TheHauWeb\\Learning\\expressjs\\express-typescript\\src\\controllers\\ping.controller.ts","statementMap":{"0":{"start":{"line":1,"column":0},"end":{"line":1,"column":34}},"1":{"start":{"line":8,"column":0},"end":{"line":8,"column":21}},"2":{"start":{"line":10,"column":15},"end":{"line":12,"column":null}},"3":{"start":{"line":11,"column":4},"end":{"line":11,"column":31}},"4":{"start":{"line":8,"column":21},"end":{"line":13,"column":null}},"5":{"start":{"line":13,"column":0},"end":{"line":13,"column":null}},"6":{"start":{"line":8,"column":21},"end":{"line":8,"column":null}}},"fnMap":{"0":{"name":"(anonymous_15)","decl":{"start":{"line":8,"column":0},"end":{"line":8,"column":21}},"loc":{"start":{"line":8,"column":0},"end":{"line":8,"column":21}}},"1":{"name":"(anonymous_17)","decl":{"start":{"line":10,"column":15},"end":{"line":10,"column":25}},"loc":{"start":{"line":10,"column":15},"end":{"line":12,"column":null}}}},"branchMap":{},"s":{"0":0,"1":0,"2":0,"3":0,"4":0,"5":0,"6":0},"f":{"0":0,"1":0},"b":{}}
,"C:\\TheHauWeb\\Learning\\expressjs\\express-typescript\\src\\controllers\\post.controller.ts": {"path":"C:\\TheHauWeb\\Learning\\expressjs\\express-typescript\\src\\controllers\\post.controller.ts","statementMap":{"0":{"start":{"line":1,"column":0},"end":{"line":1,"column":72}},"1":{"start":{"line":3,"column":0},"end":{"line":3,"column":98}},"2":{"start":{"line":7,"column":0},"end":{"line":7,"column":21}},"3":{"start":{"line":9,"column":15},"end":{"line":11,"column":null}},"4":{"start":{"line":10,"column":4},"end":{"line":10,"column":22}},"5":{"start":{"line":14,"column":15},"end":{"line":16,"column":null}},"6":{"start":{"line":15,"column":4},"end":{"line":15,"column":28}},"7":{"start":{"line":19,"column":15},"end":{"line":21,"column":null}},"8":{"start":{"line":20,"column":4},"end":{"line":20,"column":27}},"9":{"start":{"line":7,"column":21},"end":{"line":22,"column":null}},"10":{"start":{"line":22,"column":0},"end":{"line":22,"column":null}},"11":{"start":{"line":7,"column":21},"end":{"line":7,"column":null}}},"fnMap":{"0":{"name":"(anonymous_17)","decl":{"start":{"line":7,"column":0},"end":{"line":7,"column":21}},"loc":{"start":{"line":7,"column":0},"end":{"line":7,"column":21}}},"1":{"name":"(anonymous_19)","decl":{"start":{"line":9,"column":15},"end":{"line":9,"column":23}},"loc":{"start":{"line":9,"column":15},"end":{"line":11,"column":null}}},"2":{"name":"(anonymous_22)","decl":{"start":{"line":14,"column":15},"end":{"line":14,"column":25}},"loc":{"start":{"line":14,"column":52},"end":{"line":16,"column":null}}},"3":{"name":"(anonymous_25)","decl":{"start":{"line":19,"column":15},"end":{"line":19,"column":26}},"loc":{"start":{"line":19,"column":45},"end":{"line":21,"column":null}}}},"branchMap":{},"s":{"0":0,"1":0,"2":0,"3":0,"4":0,"5":0,"6":0,"7":0,"8":0,"9":0,"10":0,"11":0},"f":{"0":0,"1":0,"2":0,"3":0},"b":{}}
,"C:\\TheHauWeb\\Learning\\expressjs\\express-typescript\\src\\controllers\\user.controller.ts": {"path":"C:\\TheHauWeb\\Learning\\expressjs\\express-typescript\\src\\controllers\\user.controller.ts","statementMap":{"0":{"start":{"line":1,"column":0},"end":{"line":1,"column":58}},"1":{"start":{"line":2,"column":0},"end":{"line":2,"column":98}},"2":{"start":{"line":7,"column":0},"end":{"line":7,"column":21}},"3":{"start":{"line":9,"column":15},"end":{"line":11,"column":null}},"4":{"start":{"line":10,"column":4},"end":{"line":10,"column":22}},"5":{"start":{"line":14,"column":15},"end":{"line":16,"column":null}},"6":{"start":{"line":15,"column":4},"end":{"line":15,"column":28}},"7":{"start":{"line":19,"column":15},"end":{"line":21,"column":null}},"8":{"start":{"line":20,"column":4},"end":{"line":20,"column":27}},"9":{"start":{"line":7,"column":21},"end":{"line":22,"column":null}},"10":{"start":{"line":22,"column":0},"end":{"line":22,"column":null}},"11":{"start":{"line":7,"column":21},"end":{"line":7,"column":null}}},"fnMap":{"0":{"name":"(anonymous_17)","decl":{"start":{"line":7,"column":0},"end":{"line":7,"column":21}},"loc":{"start":{"line":7,"column":0},"end":{"line":7,"column":21}}},"1":{"name":"(anonymous_19)","decl":{"start":{"line":9,"column":15},"end":{"line":9,"column":23}},"loc":{"start":{"line":9,"column":15},"end":{"line":11,"column":null}}},"2":{"name":"(anonymous_22)","decl":{"start":{"line":14,"column":15},"end":{"line":14,"column":25}},"loc":{"start":{"line":14,"column":52},"end":{"line":16,"column":null}}},"3":{"name":"(anonymous_25)","decl":{"start":{"line":19,"column":15},"end":{"line":19,"column":26}},"loc":{"start":{"line":19,"column":45},"end":{"line":21,"column":null}}}},"branchMap":{},"s":{"0":0,"1":0,"2":0,"3":0,"4":0,"5":0,"6":0,"7":0,"8":0,"9":0,"10":0,"11":0},"f":{"0":0,"1":0,"2":0,"3":0},"b":{}}
,"C:\\TheHauWeb\\Learning\\expressjs\\express-typescript\\src\\dto\\comment.create.dto.ts": {"path":"C:\\TheHauWeb\\Learning\\expressjs\\express-typescript\\src\\dto\\comment.create.dto.ts","statementMap":{"0":{"start":{"line":1,"column":0},"end":{"line":1,"column":53}},"1":{"start":{"line":3,"column":0},"end":{"line":3,"column":13}},"2":{"start":{"line":5,"column":2},"end":{"line":5,"column":null}},"3":{"start":{"line":8,"column":2},"end":{"line":8,"column":null}},"4":{"start":{"line":11,"column":2},"end":{"line":11,"column":null}},"5":{"start":{"line":12,"column":0},"end":{"line":12,"column":null}},"6":{"start":{"line":3,"column":13},"end":{"line":3,"column":29}}},"fnMap":{"0":{"name":"(anonymous_2)","decl":{"start":{"line":3,"column":0},"end":{"line":3,"column":13}},"loc":{"start":{"line":3,"column":0},"end":{"line":3,"column":13}}}},"branchMap":{},"s":{"0":0,"1":0,"2":0,"3":0,"4":0,"5":0,"6":0},"f":{"0":0},"b":{}}
,"C:\\TheHauWeb\\Learning\\expressjs\\express-typescript\\src\\dto\\post.create.dto.ts": {"path":"C:\\TheHauWeb\\Learning\\expressjs\\express-typescript\\src\\dto\\post.create.dto.ts","statementMap":{"0":{"start":{"line":1,"column":0},"end":{"line":1,"column":53}},"1":{"start":{"line":3,"column":0},"end":{"line":3,"column":13}},"2":{"start":{"line":5,"column":2},"end":{"line":5,"column":null}},"3":{"start":{"line":8,"column":2},"end":{"line":8,"column":null}},"4":{"start":{"line":11,"column":2},"end":{"line":11,"column":null}},"5":{"start":{"line":12,"column":0},"end":{"line":12,"column":null}},"6":{"start":{"line":3,"column":13},"end":{"line":3,"column":26}}},"fnMap":{"0":{"name":"(anonymous_2)","decl":{"start":{"line":3,"column":0},"end":{"line":3,"column":13}},"loc":{"start":{"line":3,"column":0},"end":{"line":3,"column":13}}}},"branchMap":{},"s":{"0":0,"1":0,"2":0,"3":0,"4":0,"5":0,"6":0},"f":{"0":0},"b":{}}
,"C:\\TheHauWeb\\Learning\\expressjs\\express-typescript\\src\\dto\\user.create.dto.ts": {"path":"C:\\TheHauWeb\\Learning\\expressjs\\express-typescript\\src\\dto\\user.create.dto.ts","statementMap":{"0":{"start":{"line":1,"column":0},"end":{"line":1,"column":52}},"1":{"start":{"line":3,"column":0},"end":{"line":3,"column":13}},"2":{"start":{"line":5,"column":2},"end":{"line":5,"column":null}},"3":{"start":{"line":8,"column":2},"end":{"line":8,"column":null}},"4":{"start":{"line":11,"column":2},"end":{"line":11,"column":null}},"5":{"start":{"line":12,"column":0},"end":{"line":12,"column":null}},"6":{"start":{"line":3,"column":13},"end":{"line":3,"column":26}}},"fnMap":{"0":{"name":"(anonymous_2)","decl":{"start":{"line":3,"column":0},"end":{"line":3,"column":13}},"loc":{"start":{"line":3,"column":0},"end":{"line":3,"column":13}}}},"branchMap":{},"s":{"0":0,"1":0,"2":0,"3":0,"4":0,"5":0,"6":0},"f":{"0":0},"b":{}}
,"C:\\TheHauWeb\\Learning\\expressjs\\express-typescript\\src\\models\\comment.ts": {"path":"C:\\TheHauWeb\\Learning\\expressjs\\express-typescript\\src\\models\\comment.ts","statementMap":{"0":{"start":{"line":1,"column":0},"end":{"line":1,"column":null}},"1":{"start":{"line":10,"column":0},"end":{"line":10,"column":30}},"2":{"start":{"line":11,"column":0},"end":{"line":11,"column":30}},"3":{"start":{"line":14,"column":0},"end":{"line":14,"column":13}},"4":{"start":{"line":16,"column":2},"end":{"line":16,"column":null}},"5":{"start":{"line":19,"column":2},"end":{"line":19,"column":null}},"6":{"start":{"line":22,"column":2},"end":{"line":22,"column":null}},"7":{"start":{"line":26,"column":2},"end":{"line":26,"column":null}},"8":{"start":{"line":24,"column":24},"end":{"line":24,"column":30}},"9":{"start":{"line":24,"column":38},"end":{"line":24,"column":52}},"10":{"start":{"line":29,"column":2},"end":{"line":29,"column":null}},"11":{"start":{"line":33,"column":2},"end":{"line":33,"column":null}},"12":{"start":{"line":31,"column":24},"end":{"line":31,"column":30}},"13":{"start":{"line":31,"column":38},"end":{"line":31,"column":52}},"14":{"start":{"line":36,"column":2},"end":{"line":36,"column":null}},"15":{"start":{"line":39,"column":2},"end":{"line":39,"column":null}},"16":{"start":{"line":14,"column":13},"end":{"line":40,"column":null}},"17":{"start":{"line":40,"column":0},"end":{"line":40,"column":null}},"18":{"start":{"line":14,"column":13},"end":{"line":14,"column":20}}},"fnMap":{"0":{"name":"(anonymous_2)","decl":{"start":{"line":14,"column":0},"end":{"line":14,"column":13}},"loc":{"start":{"line":14,"column":0},"end":{"line":14,"column":13}}},"1":{"name":"(anonymous_4)","decl":{"start":{"line":24,"column":13},"end":{"line":24,"column":14}},"loc":{"start":{"line":24,"column":19},"end":{"line":24,"column":28}}},"2":{"name":"(anonymous_5)","decl":{"start":{"line":24,"column":30},"end":{"line":24,"column":34}},"loc":{"start":{"line":24,"column":34},"end":{"line":24,"column":42}}},"3":{"name":"(anonymous_6)","decl":{"start":{"line":31,"column":13},"end":{"line":31,"column":14}},"loc":{"start":{"line":31,"column":19},"end":{"line":31,"column":28}}},"4":{"name":"(anonymous_7)","decl":{"start":{"line":31,"column":30},"end":{"line":31,"column":34}},"loc":{"start":{"line":31,"column":34},"end":{"line":31,"column":42}}}},"branchMap":{},"s":{"0":0,"1":0,"2":0,"3":0,"4":0,"5":0,"6":0,"7":0,"8":0,"9":0,"10":0,"11":0,"12":0,"13":0,"14":0,"15":0,"16":0,"17":0,"18":0},"f":{"0":0,"1":0,"2":0,"3":0,"4":0},"b":{}}
,"C:\\TheHauWeb\\Learning\\expressjs\\express-typescript\\src\\models\\post.ts": {"path":"C:\\TheHauWeb\\Learning\\expressjs\\express-typescript\\src\\models\\post.ts","statementMap":{"0":{"start":{"line":1,"column":0},"end":{"line":1,"column":null}},"1":{"start":{"line":12,"column":0},"end":{"line":12,"column":30}},"2":{"start":{"line":13,"column":0},"end":{"line":13,"column":36}},"3":{"start":{"line":16,"column":0},"end":{"line":16,"column":13}},"4":{"start":{"line":18,"column":2},"end":{"line":18,"column":null}},"5":{"start":{"line":21,"column":2},"end":{"line":21,"column":null}},"6":{"start":{"line":24,"column":2},"end":{"line":24,"column":null}},"7":{"start":{"line":27,"column":2},"end":{"line":27,"column":null}},"8":{"start":{"line":31,"column":2},"end":{"line":31,"column":null}},"9":{"start":{"line":29,"column":24},"end":{"line":29,"column":30}},"10":{"start":{"line":29,"column":38},"end":{"line":29,"column":49}},"11":{"start":{"line":34,"column":2},"end":{"line":34,"column":null}},"12":{"start":{"line":33,"column":24},"end":{"line":33,"column":33}},"13":{"start":{"line":33,"column":44},"end":{"line":33,"column":57}},"14":{"start":{"line":37,"column":2},"end":{"line":37,"column":null}},"15":{"start":{"line":40,"column":2},"end":{"line":40,"column":null}},"16":{"start":{"line":16,"column":13},"end":{"line":41,"column":null}},"17":{"start":{"line":41,"column":0},"end":{"line":41,"column":null}},"18":{"start":{"line":16,"column":13},"end":{"line":16,"column":17}}},"fnMap":{"0":{"name":"(anonymous_2)","decl":{"start":{"line":16,"column":0},"end":{"line":16,"column":13}},"loc":{"start":{"line":16,"column":0},"end":{"line":16,"column":13}}},"1":{"name":"(anonymous_4)","decl":{"start":{"line":29,"column":13},"end":{"line":29,"column":14}},"loc":{"start":{"line":29,"column":19},"end":{"line":29,"column":28}}},"2":{"name":"(anonymous_5)","decl":{"start":{"line":29,"column":30},"end":{"line":29,"column":34}},"loc":{"start":{"line":29,"column":34},"end":{"line":29,"column":42}}},"3":{"name":"(anonymous_6)","decl":{"start":{"line":33,"column":13},"end":{"line":33,"column":14}},"loc":{"start":{"line":33,"column":19},"end":{"line":33,"column":31}}},"4":{"name":"(anonymous_7)","decl":{"start":{"line":33,"column":33},"end":{"line":33,"column":40}},"loc":{"start":{"line":33,"column":40},"end":{"line":33,"column":51}}}},"branchMap":{},"s":{"0":0,"1":0,"2":0,"3":0,"4":0,"5":0,"6":0,"7":0,"8":0,"9":0,"10":0,"11":0,"12":0,"13":0,"14":0,"15":0,"16":0,"17":0,"18":0},"f":{"0":0,"1":0,"2":0,"3":0,"4":0},"b":{}}
,"C:\\TheHauWeb\\Learning\\expressjs\\express-typescript\\src\\models\\user.ts": {"path":"C:\\TheHauWeb\\Learning\\expressjs\\express-typescript\\src\\models\\user.ts","statementMap":{"0":{"start":{"line":1,"column":0},"end":{"line":1,"column":null}},"1":{"start":{"line":10,"column":0},"end":{"line":10,"column":30}},"2":{"start":{"line":11,"column":0},"end":{"line":11,"column":36}},"3":{"start":{"line":15,"column":0},"end":{"line":15,"column":13}},"4":{"start":{"line":17,"column":2},"end":{"line":17,"column":null}},"5":{"start":{"line":20,"column":2},"end":{"line":20,"column":null}},"6":{"start":{"line":23,"column":2},"end":{"line":23,"column":null}},"7":{"start":{"line":26,"column":2},"end":{"line":26,"column":null}},"8":{"start":{"line":29,"column":2},"end":{"line":29,"column":null}},"9":{"start":{"line":28,"column":24},"end":{"line":28,"column":30}},"10":{"start":{"line":28,"column":38},"end":{"line":28,"column":48}},"11":{"start":{"line":32,"column":2},"end":{"line":32,"column":null}},"12":{"start":{"line":31,"column":24},"end":{"line":31,"column":33}},"13":{"start":{"line":31,"column":44},"end":{"line":31,"column":57}},"14":{"start":{"line":35,"column":2},"end":{"line":35,"column":null}},"15":{"start":{"line":38,"column":2},"end":{"line":38,"column":null}},"16":{"start":{"line":15,"column":13},"end":{"line":39,"column":null}},"17":{"start":{"line":39,"column":0},"end":{"line":39,"column":null}},"18":{"start":{"line":15,"column":13},"end":{"line":15,"column":17}}},"fnMap":{"0":{"name":"(anonymous_2)","decl":{"start":{"line":15,"column":0},"end":{"line":15,"column":13}},"loc":{"start":{"line":15,"column":0},"end":{"line":15,"column":13}}},"1":{"name":"(anonymous_4)","decl":{"start":{"line":28,"column":13},"end":{"line":28,"column":14}},"loc":{"start":{"line":28,"column":19},"end":{"line":28,"column":28}}},"2":{"name":"(anonymous_5)","decl":{"start":{"line":28,"column":30},"end":{"line":28,"column":34}},"loc":{"start":{"line":28,"column":34},"end":{"line":28,"column":42}}},"3":{"name":"(anonymous_6)","decl":{"start":{"line":31,"column":13},"end":{"line":31,"column":14}},"loc":{"start":{"line":31,"column":19},"end":{"line":31,"column":31}}},"4":{"name":"(anonymous_7)","decl":{"start":{"line":31,"column":33},"end":{"line":31,"column":40}},"loc":{"start":{"line":31,"column":40},"end":{"line":31,"column":51}}}},"branchMap":{},"s":{"0":0,"1":0,"2":0,"3":0,"4":0,"5":0,"6":0,"7":0,"8":0,"9":0,"10":0,"11":0,"12":0,"13":0,"14":0,"15":0,"16":0,"17":0,"18":0},"f":{"0":0,"1":0,"2":0,"3":0,"4":0},"b":{}}
,"C:\\TheHauWeb\\Learning\\expressjs\\express-typescript\\src\\repositories\\comment.repository.ts": {"path":"C:\\TheHauWeb\\Learning\\expressjs\\express-typescript\\src\\repositories\\comment.repository.ts","statementMap":{"0":{"start":{"line":1,"column":0},"end":{"line":1,"column":44}},"1":{"start":{"line":2,"column":0},"end":{"line":2,"column":44}},"2":{"start":{"line":10,"column":27},"end":{"line":12,"column":null}},"3":{"start":{"line":11,"column":2},"end":{"line":11,"column":50}},"4":{"start":{"line":10,"column":13},"end":{"line":10,"column":27}},"5":{"start":{"line":14,"column":29},"end":{"line":22,"column":null}},"6":{"start":{"line":14,"column":60},"end":{"line":22,"column":null}},"7":{"start":{"line":15,"column":8},"end":{"line":15,"column":32}},"8":{"start":{"line":16,"column":2},"end":{"line":16,"column":35}},"9":{"start":{"line":17,"column":2},"end":{"line":17,"column":35}},"10":{"start":{"line":18,"column":2},"end":{"line":18,"column":37}},"11":{"start":{"line":19,"column":2},"end":{"line":19,"column":33}},"12":{"start":{"line":20,"column":2},"end":{"line":20,"column":33}},"13":{"start":{"line":21,"column":2},"end":{"line":21,"column":57}},"14":{"start":{"line":14,"column":13},"end":{"line":14,"column":29}},"15":{"start":{"line":24,"column":30},"end":{"line":34,"column":null}},"16":{"start":{"line":24,"column":47},"end":{"line":34,"column":null}},"17":{"start":{"line":25,"column":18},"end":{"line":27,"column":null}},"18":{"start":{"line":25,"column":8},"end":{"line":27,"column":null}},"19":{"start":{"line":29,"column":2},"end":{"line":31,"column":3}},"20":{"start":{"line":30,"column":4},"end":{"line":30,"column":16}},"21":{"start":{"line":33,"column":2},"end":{"line":33,"column":17}},"22":{"start":{"line":24,"column":13},"end":{"line":24,"column":30}}},"fnMap":{"0":{"name":"(anonymous_14)","decl":{"start":{"line":10,"column":27},"end":{"line":10,"column":null}},"loc":{"start":{"line":10,"column":27},"end":{"line":12,"column":null}}},"1":{"name":"(anonymous_17)","decl":{"start":{"line":14,"column":29},"end":{"line":14,"column":36}},"loc":{"start":{"line":14,"column":60},"end":{"line":22,"column":null}}},"2":{"name":"(anonymous_18)","decl":{"start":{"line":14,"column":60},"end":{"line":14,"column":null}},"loc":{"start":{"line":14,"column":60},"end":{"line":22,"column":null}}},"3":{"name":"(anonymous_20)","decl":{"start":{"line":24,"column":30},"end":{"line":24,"column":37}},"loc":{"start":{"line":24,"column":47},"end":{"line":34,"column":null}}},"4":{"name":"(anonymous_21)","decl":{"start":{"line":24,"column":47},"end":{"line":24,"column":null}},"loc":{"start":{"line":24,"column":47},"end":{"line":34,"column":null}}}},"branchMap":{"0":{"loc":{"start":{"line":16,"column":19},"end":{"line":16,"column":34}},"type":"cond-expr","locations":[{"start":{"line":16,"column":26},"end":{"line":16,"column":28}},{"start":{"line":16,"column":19},"end":{"line":16,"column":34}}]},"1":{"loc":{"start":{"line":16,"column":19},"end":{"line":16,"column":28}},"type":"binary-expr","locations":[{"start":{"line":16,"column":19},"end":{"line":16,"column":28}},{"start":{"line":16,"column":19},"end":{"line":16,"column":28}}]},"2":{"loc":{"start":{"line":17,"column":19},"end":{"line":17,"column":34}},"type":"cond-expr","locations":[{"start":{"line":17,"column":26},"end":{"line":17,"column":28}},{"start":{"line":17,"column":19},"end":{"line":17,"column":34}}]},"3":{"loc":{"start":{"line":17,"column":19},"end":{"line":17,"column":28}},"type":"binary-expr","locations":[{"start":{"line":17,"column":19},"end":{"line":17,"column":28}},{"start":{"line":17,"column":19},"end":{"line":17,"column":28}}]},"4":{"loc":{"start":{"line":18,"column":20},"end":{"line":18,"column":36}},"type":"cond-expr","locations":[{"start":{"line":18,"column":27},"end":{"line":18,"column":29}},{"start":{"line":18,"column":20},"end":{"line":18,"column":36}}]},"5":{"loc":{"start":{"line":18,"column":20},"end":{"line":18,"column":29}},"type":"binary-expr","locations":[{"start":{"line":18,"column":20},"end":{"line":18,"column":29}},{"start":{"line":18,"column":20},"end":{"line":18,"column":29}}]},"6":{"loc":{"start":{"line":25,"column":18},"end":{"line":27,"column":null}},"type":"switch","locations":[{"start":{"line":25,"column":18},"end":{"line":27,"column":null}}]},"7":{"loc":{"start":{"line":29,"column":2},"end":{"line":31,"column":3}},"type":"if","locations":[{"start":{"line":29,"column":2},"end":{"line":31,"column":3}}]}},"s":{"0":0,"1":0,"2":0,"3":0,"4":0,"5":0,"6":0,"7":0,"8":0,"9":0,"10":0,"11":0,"12":0,"13":0,"14":0,"15":0,"16":0,"17":0,"18":0,"19":0,"20":0,"21":0,"22":0},"f":{"0":0,"1":0,"2":0,"3":0,"4":0},"b":{"0":[0,0],"1":[0,0],"2":[0,0],"3":[0,0],"4":[0,0],"5":[0,0],"6":[0],"7":[0]}}
,"C:\\TheHauWeb\\Learning\\expressjs\\express-typescript\\src\\repositories\\post.repository.ts": {"path":"C:\\TheHauWeb\\Learning\\expressjs\\express-typescript\\src\\repositories\\post.repository.ts","statementMap":{"0":{"start":{"line":1,"column":0},"end":{"line":1,"column":38}},"1":{"start":{"line":2,"column":0},"end":{"line":2,"column":44}},"2":{"start":{"line":10,"column":24},"end":{"line":12,"column":null}},"3":{"start":{"line":11,"column":2},"end":{"line":11,"column":47}},"4":{"start":{"line":10,"column":13},"end":{"line":10,"column":24}},"5":{"start":{"line":14,"column":26},"end":{"line":23,"column":null}},"6":{"start":{"line":14,"column":54},"end":{"line":23,"column":null}},"7":{"start":{"line":15,"column":8},"end":{"line":15,"column":26}},"8":{"start":{"line":16,"column":2},"end":{"line":16,"column":30}},"9":{"start":{"line":17,"column":2},"end":{"line":17,"column":34}},"10":{"start":{"line":18,"column":2},"end":{"line":18,"column":32}},"11":{"start":{"line":19,"column":2},"end":{"line":19,"column":30}},"12":{"start":{"line":20,"column":2},"end":{"line":20,"column":30}},"13":{"start":{"line":22,"column":2},"end":{"line":22,"column":51}},"14":{"start":{"line":14,"column":13},"end":{"line":14,"column":26}},"15":{"start":{"line":25,"column":27},"end":{"line":35,"column":null}},"16":{"start":{"line":25,"column":44},"end":{"line":35,"column":null}},"17":{"start":{"line":26,"column":15},"end":{"line":28,"column":null}},"18":{"start":{"line":26,"column":8},"end":{"line":28,"column":null}},"19":{"start":{"line":30,"column":2},"end":{"line":32,"column":3}},"20":{"start":{"line":31,"column":4},"end":{"line":31,"column":16}},"21":{"start":{"line":34,"column":2},"end":{"line":34,"column":14}},"22":{"start":{"line":25,"column":13},"end":{"line":25,"column":27}}},"fnMap":{"0":{"name":"(anonymous_14)","decl":{"start":{"line":10,"column":24},"end":{"line":10,"column":null}},"loc":{"start":{"line":10,"column":24},"end":{"line":12,"column":null}}},"1":{"name":"(anonymous_17)","decl":{"start":{"line":14,"column":26},"end":{"line":14,"column":33}},"loc":{"start":{"line":14,"column":54},"end":{"line":23,"column":null}}},"2":{"name":"(anonymous_18)","decl":{"start":{"line":14,"column":54},"end":{"line":14,"column":null}},"loc":{"start":{"line":14,"column":54},"end":{"line":23,"column":null}}},"3":{"name":"(anonymous_20)","decl":{"start":{"line":25,"column":27},"end":{"line":25,"column":34}},"loc":{"start":{"line":25,"column":44},"end":{"line":35,"column":null}}},"4":{"name":"(anonymous_21)","decl":{"start":{"line":25,"column":44},"end":{"line":25,"column":null}},"loc":{"start":{"line":25,"column":44},"end":{"line":35,"column":null}}}},"branchMap":{"0":{"loc":{"start":{"line":16,"column":15},"end":{"line":16,"column":29}},"type":"cond-expr","locations":[{"start":{"line":16,"column":22},"end":{"line":16,"column":24}},{"start":{"line":16,"column":15},"end":{"line":16,"column":29}}]},"1":{"loc":{"start":{"line":16,"column":15},"end":{"line":16,"column":24}},"type":"binary-expr","locations":[{"start":{"line":16,"column":15},"end":{"line":16,"column":24}},{"start":{"line":16,"column":15},"end":{"line":16,"column":24}}]},"2":{"loc":{"start":{"line":17,"column":17},"end":{"line":17,"column":33}},"type":"cond-expr","locations":[{"start":{"line":17,"column":24},"end":{"line":17,"column":26}},{"start":{"line":17,"column":17},"end":{"line":17,"column":33}}]},"3":{"loc":{"start":{"line":17,"column":17},"end":{"line":17,"column":26}},"type":"binary-expr","locations":[{"start":{"line":17,"column":17},"end":{"line":17,"column":26}},{"start":{"line":17,"column":17},"end":{"line":17,"column":26}}]},"4":{"loc":{"start":{"line":18,"column":16},"end":{"line":18,"column":31}},"type":"cond-expr","locations":[{"start":{"line":18,"column":23},"end":{"line":18,"column":25}},{"start":{"line":18,"column":16},"end":{"line":18,"column":31}}]},"5":{"loc":{"start":{"line":18,"column":16},"end":{"line":18,"column":25}},"type":"binary-expr","locations":[{"start":{"line":18,"column":16},"end":{"line":18,"column":25}},{"start":{"line":18,"column":16},"end":{"line":18,"column":25}}]},"6":{"loc":{"start":{"line":26,"column":15},"end":{"line":28,"column":null}},"type":"switch","locations":[{"start":{"line":26,"column":15},"end":{"line":28,"column":null}}]},"7":{"loc":{"start":{"line":30,"column":2},"end":{"line":32,"column":3}},"type":"if","locations":[{"start":{"line":30,"column":2},"end":{"line":32,"column":3}}]}},"s":{"0":0,"1":0,"2":0,"3":0,"4":0,"5":0,"6":0,"7":0,"8":0,"9":0,"10":0,"11":0,"12":0,"13":0,"14":0,"15":0,"16":0,"17":0,"18":0,"19":0,"20":0,"21":0,"22":0},"f":{"0":0,"1":0,"2":0,"3":0,"4":0},"b":{"0":[0,0],"1":[0,0],"2":[0,0],"3":[0,0],"4":[0,0],"5":[0,0],"6":[0],"7":[0]}}
,"C:\\TheHauWeb\\Learning\\expressjs\\express-typescript\\src\\repositories\\user.repository.ts": {"path":"C:\\TheHauWeb\\Learning\\expressjs\\express-typescript\\src\\repositories\\user.repository.ts","statementMap":{"0":{"start":{"line":1,"column":0},"end":{"line":1,"column":38}},"1":{"start":{"line":2,"column":0},"end":{"line":2,"column":44}},"2":{"start":{"line":10,"column":24},"end":{"line":12,"column":null}},"3":{"start":{"line":11,"column":2},"end":{"line":11,"column":47}},"4":{"start":{"line":10,"column":13},"end":{"line":10,"column":24}},"5":{"start":{"line":14,"column":26},"end":{"line":23,"column":null}},"6":{"start":{"line":14,"column":54},"end":{"line":23,"column":null}},"7":{"start":{"line":15,"column":8},"end":{"line":15,"column":26}},"8":{"start":{"line":16,"column":2},"end":{"line":16,"column":38}},"9":{"start":{"line":17,"column":2},"end":{"line":17,"column":36}},"10":{"start":{"line":18,"column":2},"end":{"line":18,"column":30}},"11":{"start":{"line":19,"column":2},"end":{"line":19,"column":30}},"12":{"start":{"line":20,"column":2},"end":{"line":20,"column":30}},"13":{"start":{"line":22,"column":2},"end":{"line":22,"column":51}},"14":{"start":{"line":14,"column":13},"end":{"line":14,"column":26}},"15":{"start":{"line":25,"column":27},"end":{"line":29,"column":null}},"16":{"start":{"line":25,"column":44},"end":{"line":29,"column":null}},"17":{"start":{"line":26,"column":9},"end":{"line":28,"column":5}},"18":{"start":{"line":26,"column":2},"end":{"line":28,"column":5}},"19":{"start":{"line":25,"column":13},"end":{"line":25,"column":27}}},"fnMap":{"0":{"name":"(anonymous_14)","decl":{"start":{"line":10,"column":24},"end":{"line":10,"column":null}},"loc":{"start":{"line":10,"column":24},"end":{"line":12,"column":null}}},"1":{"name":"(anonymous_17)","decl":{"start":{"line":14,"column":26},"end":{"line":14,"column":33}},"loc":{"start":{"line":14,"column":54},"end":{"line":23,"column":null}}},"2":{"name":"(anonymous_18)","decl":{"start":{"line":14,"column":54},"end":{"line":14,"column":null}},"loc":{"start":{"line":14,"column":54},"end":{"line":23,"column":null}}},"3":{"name":"(anonymous_20)","decl":{"start":{"line":25,"column":27},"end":{"line":25,"column":34}},"loc":{"start":{"line":25,"column":44},"end":{"line":29,"column":null}}},"4":{"name":"(anonymous_21)","decl":{"start":{"line":25,"column":44},"end":{"line":25,"column":null}},"loc":{"start":{"line":25,"column":44},"end":{"line":29,"column":null}}}},"branchMap":{"0":{"loc":{"start":{"line":16,"column":19},"end":{"line":16,"column":37}},"type":"cond-expr","locations":[{"start":{"line":16,"column":26},"end":{"line":16,"column":28}},{"start":{"line":16,"column":19},"end":{"line":16,"column":37}}]},"1":{"loc":{"start":{"line":16,"column":19},"end":{"line":16,"column":28}},"type":"binary-expr","locations":[{"start":{"line":16,"column":19},"end":{"line":16,"column":28}},{"start":{"line":16,"column":19},"end":{"line":16,"column":28}}]},"2":{"loc":{"start":{"line":17,"column":18},"end":{"line":17,"column":35}},"type":"cond-expr","locations":[{"start":{"line":17,"column":25},"end":{"line":17,"column":27}},{"start":{"line":17,"column":18},"end":{"line":17,"column":35}}]},"3":{"loc":{"start":{"line":17,"column":18},"end":{"line":17,"column":27}},"type":"binary-expr","locations":[{"start":{"line":17,"column":18},"end":{"line":17,"column":27}},{"start":{"line":17,"column":18},"end":{"line":17,"column":27}}]},"4":{"loc":{"start":{"line":18,"column":15},"end":{"line":18,"column":29}},"type":"cond-expr","locations":[{"start":{"line":18,"column":22},"end":{"line":18,"column":24}},{"start":{"line":18,"column":15},"end":{"line":18,"column":29}}]},"5":{"loc":{"start":{"line":18,"column":15},"end":{"line":18,"column":24}},"type":"binary-expr","locations":[{"start":{"line":18,"column":15},"end":{"line":18,"column":24}},{"start":{"line":18,"column":15},"end":{"line":18,"column":24}}]},"6":{"loc":{"start":{"line":26,"column":9},"end":{"line":28,"column":5}},"type":"switch","locations":[{"start":{"line":26,"column":9},"end":{"line":28,"column":5}},{"start":{"line":26,"column":2},"end":{"line":28,"column":5}}]}},"s":{"0":0,"1":0,"2":0,"3":0,"4":0,"5":0,"6":0,"7":0,"8":0,"9":0,"10":0,"11":0,"12":0,"13":0,"14":0,"15":0,"16":0,"17":0,"18":0,"19":0},"f":{"0":0,"1":0,"2":0,"3":0,"4":0},"b":{"0":[0,0],"1":[0,0],"2":[0,0],"3":[0,0],"4":[0,0],"5":[0,0],"6":[0,0]}}
,"C:\\TheHauWeb\\Learning\\expressjs\\express-typescript\\src\\routes\\comment.router.ts": {"path":"C:\\TheHauWeb\\Learning\\expressjs\\express-typescript\\src\\routes\\comment.router.ts","statementMap":{"0":{"start":{"line":1,"column":0},"end":{"line":1,"column":30}},"1":{"start":{"line":2,"column":0},"end":{"line":2,"column":66}},"2":{"start":{"line":3,"column":0},"end":{"line":3,"column":52}},"3":{"start":{"line":4,"column":0},"end":{"line":4,"column":43}},"4":{"start":{"line":5,"column":0},"end":{"line":5,"column":61}},"5":{"start":{"line":7,"column":26},"end":{"line":7,"column":49}},"6":{"start":{"line":9,"column":15},"end":{"line":9,"column":31}},"7":{"start":{"line":11,"column":0},"end":{"line":14,"column":3}},"8":{"start":{"line":11,"column":31},"end":{"line":14,"column":2}},"9":{"start":{"line":12,"column":19},"end":{"line":12,"column":null}},"10":{"start":{"line":12,"column":8},"end":{"line":12,"column":null}},"11":{"start":{"line":13,"column":2},"end":{"line":13,"column":28}},"12":{"start":{"line":16,"column":0},"end":{"line":26,"column":3}},"13":{"start":{"line":16,"column":32},"end":{"line":26,"column":2}},"14":{"start":{"line":17,"column":8},"end":{"line":17,"column":71}},"15":{"start":{"line":18,"column":17},"end":{"line":18,"column":null}},"16":{"start":{"line":18,"column":8},"end":{"line":18,"column":null}},"17":{"start":{"line":20,"column":2},"end":{"line":23,"column":3}},"18":{"start":{"line":21,"column":4},"end":{"line":21,"column":37}},"19":{"start":{"line":22,"column":4},"end":{"line":22,"column":11}},"20":{"start":{"line":24,"column":19},"end":{"line":24,"column":null}},"21":{"start":{"line":24,"column":8},"end":{"line":24,"column":null}},"22":{"start":{"line":25,"column":2},"end":{"line":25,"column":28}},"23":{"start":{"line":28,"column":0},"end":{"line":36,"column":3}},"24":{"start":{"line":28,"column":34},"end":{"line":36,"column":2}},"25":{"start":{"line":29,"column":19},"end":{"line":29,"column":null}},"26":{"start":{"line":29,"column":8},"end":{"line":29,"column":null}},"27":{"start":{"line":31,"column":2},"end":{"line":33,"column":3}},"28":{"start":{"line":32,"column":4},"end":{"line":32,"column":66}},"29":{"start":{"line":35,"column":2},"end":{"line":35,"column":28}},"30":{"start":{"line":38,"column":0},"end":{"line":38,"column":22}}},"fnMap":{"0":{"name":"(anonymous_14)","decl":{"start":{"line":11,"column":16},"end":{"line":11,"column":23}},"loc":{"start":{"line":11,"column":31},"end":{"line":14,"column":2}}},"1":{"name":"(anonymous_15)","decl":{"start":{"line":11,"column":31},"end":{"line":11,"column":null}},"loc":{"start":{"line":11,"column":31},"end":{"line":14,"column":2}}},"2":{"name":"(anonymous_17)","decl":{"start":{"line":16,"column":17},"end":{"line":16,"column":24}},"loc":{"start":{"line":16,"column":32},"end":{"line":26,"column":2}}},"3":{"name":"(anonymous_18)","decl":{"start":{"line":16,"column":32},"end":{"line":16,"column":null}},"loc":{"start":{"line":16,"column":32},"end":{"line":26,"column":2}}},"4":{"name":"(anonymous_20)","decl":{"start":{"line":28,"column":19},"end":{"line":28,"column":26}},"loc":{"start":{"line":28,"column":34},"end":{"line":36,"column":2}}},"5":{"name":"(anonymous_21)","decl":{"start":{"line":28,"column":34},"end":{"line":28,"column":null}},"loc":{"start":{"line":28,"column":34},"end":{"line":36,"column":2}}}},"branchMap":{"0":{"loc":{"start":{"line":12,"column":19},"end":{"line":12,"column":null}},"type":"switch","locations":[{"start":{"line":12,"column":19},"end":{"line":12,"column":null}}]},"1":{"loc":{"start":{"line":20,"column":2},"end":{"line":23,"column":3}},"type":"if","locations":[{"start":{"line":20,"column":2},"end":{"line":23,"column":3}}]},"2":{"loc":{"start":{"line":29,"column":19},"end":{"line":29,"column":null}},"type":"switch","locations":[{"start":{"line":29,"column":19},"end":{"line":29,"column":null}}]},"3":{"loc":{"start":{"line":31,"column":2},"end":{"line":33,"column":3}},"type":"if","locations":[{"start":{"line":31,"column":2},"end":{"line":33,"column":3}}]}},"s":{"0":0,"1":0,"2":0,"3":0,"4":0,"5":0,"6":0,"7":0,"8":0,"9":0,"10":0,"11":0,"12":0,"13":0,"14":0,"15":0,"16":0,"17":0,"18":0,"19":0,"20":0,"21":0,"22":0,"23":0,"24":0,"25":0,"26":0,"27":0,"28":0,"29":0,"30":0},"f":{"0":0,"1":0,"2":0,"3":0,"4":0,"5":0},"b":{"0":[0],"1":[0],"2":[0],"3":[0]}}
,"C:\\TheHauWeb\\Learning\\expressjs\\express-typescript\\src\\routes\\index.ts": {"path":"C:\\TheHauWeb\\Learning\\expressjs\\express-typescript\\src\\routes\\index.ts","statementMap":{"0":{"start":{"line":1,"column":0},"end":{"line":1,"column":30}},"1":{"start":{"line":2,"column":0},"end":{"line":2,"column":60}},"2":{"start":{"line":3,"column":0},"end":{"line":3,"column":39}},"3":{"start":{"line":4,"column":0},"end":{"line":4,"column":39}},"4":{"start":{"line":5,"column":0},"end":{"line":5,"column":45}},"5":{"start":{"line":7,"column":15},"end":{"line":7,"column":31}},"6":{"start":{"line":9,"column":0},"end":{"line":13,"column":3}},"7":{"start":{"line":9,"column":35},"end":{"line":13,"column":2}},"8":{"start":{"line":10,"column":8},"end":{"line":10,"column":46}},"9":{"start":{"line":11,"column":17},"end":{"line":11,"column":null}},"10":{"start":{"line":11,"column":8},"end":{"line":11,"column":null}},"11":{"start":{"line":12,"column":2},"end":{"line":12,"column":19}},"12":{"start":{"line":15,"column":0},"end":{"line":15,"column":33}},"13":{"start":{"line":16,"column":0},"end":{"line":16,"column":33}},"14":{"start":{"line":17,"column":0},"end":{"line":17,"column":39}},"15":{"start":{"line":19,"column":0},"end":{"line":19,"column":22}}},"fnMap":{"0":{"name":"(anonymous_14)","decl":{"start":{"line":9,"column":20},"end":{"line":9,"column":27}},"loc":{"start":{"line":9,"column":35},"end":{"line":13,"column":2}}},"1":{"name":"(anonymous_15)","decl":{"start":{"line":9,"column":35},"end":{"line":9,"column":null}},"loc":{"start":{"line":9,"column":35},"end":{"line":13,"column":2}}}},"branchMap":{},"s":{"0":0,"1":0,"2":0,"3":0,"4":0,"5":0,"6":0,"7":0,"8":0,"9":0,"10":0,"11":0,"12":0,"13":0,"14":0,"15":0},"f":{"0":0,"1":0},"b":{}}
,"C:\\TheHauWeb\\Learning\\expressjs\\express-typescript\\src\\routes\\post.router.ts": {"path":"C:\\TheHauWeb\\Learning\\expressjs\\express-typescript\\src\\routes\\post.router.ts","statementMap":{"0":{"start":{"line":1,"column":0},"end":{"line":1,"column":30}},"1":{"start":{"line":2,"column":0},"end":{"line":2,"column":60}},"2":{"start":{"line":3,"column":0},"end":{"line":3,"column":52}},"3":{"start":{"line":4,"column":0},"end":{"line":4,"column":43}},"4":{"start":{"line":5,"column":0},"end":{"line":5,"column":55}},"5":{"start":{"line":7,"column":15},"end":{"line":7,"column":31}},"6":{"start":{"line":9,"column":23},"end":{"line":9,"column":43}},"7":{"start":{"line":11,"column":0},"end":{"line":14,"column":3}},"8":{"start":{"line":11,"column":31},"end":{"line":14,"column":2}},"9":{"start":{"line":12,"column":19},"end":{"line":12,"column":null}},"10":{"start":{"line":12,"column":8},"end":{"line":12,"column":null}},"11":{"start":{"line":13,"column":2},"end":{"line":13,"column":28}},"12":{"start":{"line":16,"column":0},"end":{"line":27,"column":3}},"13":{"start":{"line":16,"column":32},"end":{"line":27,"column":2}},"14":{"start":{"line":17,"column":8},"end":{"line":17,"column":65}},"15":{"start":{"line":18,"column":17},"end":{"line":18,"column":null}},"16":{"start":{"line":18,"column":8},"end":{"line":18,"column":null}},"17":{"start":{"line":20,"column":2},"end":{"line":23,"column":3}},"18":{"start":{"line":21,"column":4},"end":{"line":21,"column":37}},"19":{"start":{"line":22,"column":4},"end":{"line":22,"column":11}},"20":{"start":{"line":25,"column":19},"end":{"line":25,"column":null}},"21":{"start":{"line":25,"column":8},"end":{"line":25,"column":null}},"22":{"start":{"line":26,"column":2},"end":{"line":26,"column":28}},"23":{"start":{"line":29,"column":0},"end":{"line":37,"column":3}},"24":{"start":{"line":29,"column":34},"end":{"line":37,"column":2}},"25":{"start":{"line":30,"column":19},"end":{"line":30,"column":null}},"26":{"start":{"line":30,"column":8},"end":{"line":30,"column":null}},"27":{"start":{"line":32,"column":2},"end":{"line":34,"column":3}},"28":{"start":{"line":33,"column":4},"end":{"line":33,"column":63}},"29":{"start":{"line":36,"column":2},"end":{"line":36,"column":28}},"30":{"start":{"line":39,"column":0},"end":{"line":39,"column":22}}},"fnMap":{"0":{"name":"(anonymous_14)","decl":{"start":{"line":11,"column":16},"end":{"line":11,"column":23}},"loc":{"start":{"line":11,"column":31},"end":{"line":14,"column":2}}},"1":{"name":"(anonymous_15)","decl":{"start":{"line":11,"column":31},"end":{"line":11,"column":null}},"loc":{"start":{"line":11,"column":31},"end":{"line":14,"column":2}}},"2":{"name":"(anonymous_17)","decl":{"start":{"line":16,"column":17},"end":{"line":16,"column":24}},"loc":{"start":{"line":16,"column":32},"end":{"line":27,"column":2}}},"3":{"name":"(anonymous_18)","decl":{"start":{"line":16,"column":32},"end":{"line":16,"column":null}},"loc":{"start":{"line":16,"column":32},"end":{"line":27,"column":2}}},"4":{"name":"(anonymous_20)","decl":{"start":{"line":29,"column":19},"end":{"line":29,"column":26}},"loc":{"start":{"line":29,"column":34},"end":{"line":37,"column":2}}},"5":{"name":"(anonymous_21)","decl":{"start":{"line":29,"column":34},"end":{"line":29,"column":null}},"loc":{"start":{"line":29,"column":34},"end":{"line":37,"column":2}}}},"branchMap":{"0":{"loc":{"start":{"line":12,"column":19},"end":{"line":12,"column":null}},"type":"switch","locations":[{"start":{"line":12,"column":19},"end":{"line":12,"column":null}}]},"1":{"loc":{"start":{"line":20,"column":2},"end":{"line":23,"column":3}},"type":"if","locations":[{"start":{"line":20,"column":2},"end":{"line":23,"column":3}}]},"2":{"loc":{"start":{"line":30,"column":19},"end":{"line":30,"column":null}},"type":"switch","locations":[{"start":{"line":30,"column":19},"end":{"line":30,"column":null}}]},"3":{"loc":{"start":{"line":32,"column":2},"end":{"line":34,"column":3}},"type":"if","locations":[{"start":{"line":32,"column":2},"end":{"line":34,"column":3}}]}},"s":{"0":0,"1":0,"2":0,"3":0,"4":0,"5":0,"6":0,"7":0,"8":0,"9":0,"10":0,"11":0,"12":0,"13":0,"14":0,"15":0,"16":0,"17":0,"18":0,"19":0,"20":0,"21":0,"22":0,"23":0,"24":0,"25":0,"26":0,"27":0,"28":0,"29":0,"30":0},"f":{"0":0,"1":0,"2":0,"3":0,"4":0,"5":0},"b":{"0":[0],"1":[0],"2":[0],"3":[0]}}
,"C:\\TheHauWeb\\Learning\\expressjs\\express-typescript\\src\\routes\\user.router.ts": {"path":"C:\\TheHauWeb\\Learning\\expressjs\\express-typescript\\src\\routes\\user.router.ts","statementMap":{"0":{"start":{"line":1,"column":0},"end":{"line":1,"column":30}},"1":{"start":{"line":2,"column":0},"end":{"line":2,"column":60}},"2":{"start":{"line":3,"column":0},"end":{"line":3,"column":52}},"3":{"start":{"line":4,"column":0},"end":{"line":4,"column":43}},"4":{"start":{"line":5,"column":0},"end":{"line":5,"column":55}},"5":{"start":{"line":6,"column":0},"end":{"line":6,"column":85}},"6":{"start":{"line":7,"column":23},"end":{"line":7,"column":43}},"7":{"start":{"line":9,"column":15},"end":{"line":9,"column":31}},"8":{"start":{"line":11,"column":0},"end":{"line":14,"column":3}},"9":{"start":{"line":11,"column":31},"end":{"line":14,"column":2}},"10":{"start":{"line":12,"column":19},"end":{"line":12,"column":null}},"11":{"start":{"line":12,"column":8},"end":{"line":12,"column":null}},"12":{"start":{"line":13,"column":2},"end":{"line":13,"column":28}},"13":{"start":{"line":16,"column":0},"end":{"line":37,"column":3}},"14":{"start":{"line":16,"column":32},"end":{"line":37,"column":2}},"15":{"start":{"line":17,"column":8},"end":{"line":17,"column":65}},"16":{"start":{"line":18,"column":17},"end":{"line":18,"column":null}},"17":{"start":{"line":18,"column":8},"end":{"line":18,"column":null}},"18":{"start":{"line":21,"column":10},"end":{"line":21,"column":20}},"19":{"start":{"line":22,"column":8},"end":{"line":22,"column":58}},"20":{"start":{"line":23,"column":18},"end":{"line":23,"column":null}},"21":{"start":{"line":23,"column":8},"end":{"line":23,"column":null}},"22":{"start":{"line":25,"column":2},"end":{"line":28,"column":3}},"23":{"start":{"line":26,"column":4},"end":{"line":26,"column":60}},"24":{"start":{"line":27,"column":4},"end":{"line":27,"column":11}},"25":{"start":{"line":30,"column":2},"end":{"line":33,"column":3}},"26":{"start":{"line":31,"column":4},"end":{"line":31,"column":37}},"27":{"start":{"line":32,"column":4},"end":{"line":32,"column":11}},"28":{"start":{"line":35,"column":19},"end":{"line":35,"column":null}},"29":{"start":{"line":35,"column":8},"end":{"line":35,"column":null}},"30":{"start":{"line":36,"column":2},"end":{"line":36,"column":40}},"31":{"start":{"line":39,"column":0},"end":{"line":47,"column":3}},"32":{"start":{"line":39,"column":34},"end":{"line":47,"column":2}},"33":{"start":{"line":40,"column":19},"end":{"line":40,"column":null}},"34":{"start":{"line":40,"column":8},"end":{"line":40,"column":null}},"35":{"start":{"line":42,"column":2},"end":{"line":44,"column":3}},"36":{"start":{"line":43,"column":4},"end":{"line":43,"column":63}},"37":{"start":{"line":46,"column":2},"end":{"line":46,"column":28}},"38":{"start":{"line":49,"column":0},"end":{"line":49,"column":22}}},"fnMap":{"0":{"name":"(anonymous_14)","decl":{"start":{"line":11,"column":16},"end":{"line":11,"column":23}},"loc":{"start":{"line":11,"column":31},"end":{"line":14,"column":2}}},"1":{"name":"(anonymous_15)","decl":{"start":{"line":11,"column":31},"end":{"line":11,"column":null}},"loc":{"start":{"line":11,"column":31},"end":{"line":14,"column":2}}},"2":{"name":"(anonymous_17)","decl":{"start":{"line":16,"column":17},"end":{"line":16,"column":24}},"loc":{"start":{"line":16,"column":32},"end":{"line":37,"column":2}}},"3":{"name":"(anonymous_18)","decl":{"start":{"line":16,"column":32},"end":{"line":16,"column":null}},"loc":{"start":{"line":16,"column":32},"end":{"line":37,"column":2}}},"4":{"name":"(anonymous_20)","decl":{"start":{"line":39,"column":19},"end":{"line":39,"column":26}},"loc":{"start":{"line":39,"column":34},"end":{"line":47,"column":2}}},"5":{"name":"(anonymous_21)","decl":{"start":{"line":39,"column":34},"end":{"line":39,"column":null}},"loc":{"start":{"line":39,"column":34},"end":{"line":47,"column":2}}}},"branchMap":{"0":{"loc":{"start":{"line":12,"column":19},"end":{"line":12,"column":null}},"type":"switch","locations":[{"start":{"line":12,"column":19},"end":{"line":12,"column":null}}]},"1":{"loc":{"start":{"line":25,"column":2},"end":{"line":28,"column":3}},"type":"if","locations":[{"start":{"line":25,"column":2},"end":{"line":28,"column":3}}]},"2":{"loc":{"start":{"line":30,"column":2},"end":{"line":33,"column":3}},"type":"if","locations":[{"start":{"line":30,"column":2},"end":{"line":33,"column":3}}]},"3":{"loc":{"start":{"line":40,"column":19},"end":{"line":40,"column":null}},"type":"switch","locations":[{"start":{"line":40,"column":19},"end":{"line":40,"column":null}}]},"4":{"loc":{"start":{"line":42,"column":2},"end":{"line":44,"column":3}},"type":"if","locations":[{"start":{"line":42,"column":2},"end":{"line":44,"column":3}}]}},"s":{"0":0,"1":0,"2":0,"3":0,"4":0,"5":0,"6":0,"7":0,"8":0,"9":0,"10":0,"11":0,"12":0,"13":0,"14":0,"15":0,"16":0,"17":0,"18":0,"19":0,"20":0,"21":0,"22":0,"23":0,"24":0,"25":0,"26":0,"27":0,"28":0,"29":0,"30":0,"31":0,"32":0,"33":0,"34":0,"35":0,"36":0,"37":0,"38":0},"f":{"0":0,"1":0,"2":0,"3":0,"4":0,"5":0},"b":{"0":[0],"1":[0],"2":[0],"3":[0],"4":[0]}}
}
