TN:
SF:src\config\database.ts
FNF:0
FNH:0
DA:1,0
DA:3,0
DA:17,0
LF:3
LH:0
BRF:0
BRH:0
end_of_record
TN:
SF:src\constraints\uniqueEmailConstraint.ts
FN:6,(anonymous_15)
FN:7,(anonymous_17)
FN:13,(anonymous_20)
FNF:3
FNH:0
FNDA:0,(anonymous_15)
FNDA:0,(anonymous_17)
FNDA:0,(anonymous_20)
DA:1,0
DA:2,0
DA:3,0
DA:6,0
DA:7,0
DA:8,0
DA:9,0
DA:10,0
DA:13,0
DA:14,0
DA:16,0
LF:11
LH:0
BRF:0
BRH:0
end_of_record
TN:
SF:src\controllers\comment.controller.ts
FN:7,(anonymous_17)
FN:9,(anonymous_19)
FN:14,(anonymous_22)
FN:19,(anonymous_25)
FNF:4
FNH:0
FNDA:0,(anonymous_17)
FNDA:0,(anonymous_19)
FNDA:0,(anonymous_22)
FNDA:0,(anonymous_25)
DA:1,0
DA:2,0
DA:7,0
DA:9,0
DA:10,0
DA:14,0
DA:15,0
DA:19,0
DA:20,0
DA:22,0
LF:10
LH:0
BRF:0
BRH:0
end_of_record
TN:
SF:src\controllers\ping.controller.ts
FN:8,(anonymous_15)
FN:10,(anonymous_17)
FNF:2
FNH:0
FNDA:0,(anonymous_15)
FNDA:0,(anonymous_17)
DA:1,0
DA:8,0
DA:10,0
DA:11,0
DA:13,0
LF:5
LH:0
BRF:0
BRH:0
end_of_record
TN:
SF:src\controllers\post.controller.ts
FN:7,(anonymous_17)
FN:9,(anonymous_19)
FN:14,(anonymous_22)
FN:19,(anonymous_25)
FNF:4
FNH:0
FNDA:0,(anonymous_17)
FNDA:0,(anonymous_19)
FNDA:0,(anonymous_22)
FNDA:0,(anonymous_25)
DA:1,0
DA:3,0
DA:7,0
DA:9,0
DA:10,0
DA:14,0
DA:15,0
DA:19,0
DA:20,0
DA:22,0
LF:10
LH:0
BRF:0
BRH:0
end_of_record
TN:
SF:src\controllers\user.controller.ts
FN:7,(anonymous_17)
FN:9,(anonymous_19)
FN:14,(anonymous_22)
FN:19,(anonymous_25)
FNF:4
FNH:0
FNDA:0,(anonymous_17)
FNDA:0,(anonymous_19)
FNDA:0,(anonymous_22)
FNDA:0,(anonymous_25)
DA:1,0
DA:2,0
DA:7,0
DA:9,0
DA:10,0
DA:14,0
DA:15,0
DA:19,0
DA:20,0
DA:22,0
LF:10
LH:0
BRF:0
BRH:0
end_of_record
TN:
SF:src\dto\comment.create.dto.ts
FN:3,(anonymous_2)
FNF:1
FNH:0
FNDA:0,(anonymous_2)
DA:1,0
DA:3,0
DA:5,0
DA:8,0
DA:11,0
DA:12,0
LF:6
LH:0
BRF:0
BRH:0
end_of_record
TN:
SF:src\dto\post.create.dto.ts
FN:3,(anonymous_2)
FNF:1
FNH:0
FNDA:0,(anonymous_2)
DA:1,0
DA:3,0
DA:5,0
DA:8,0
DA:11,0
DA:12,0
LF:6
LH:0
BRF:0
BRH:0
end_of_record
TN:
SF:src\dto\user.create.dto.ts
FN:3,(anonymous_2)
FNF:1
FNH:0
FNDA:0,(anonymous_2)
DA:1,0
DA:3,0
DA:5,0
DA:8,0
DA:11,0
DA:12,0
LF:6
LH:0
BRF:0
BRH:0
end_of_record
TN:
SF:src\models\comment.ts
FN:14,(anonymous_2)
FN:24,(anonymous_4)
FN:24,(anonymous_5)
FN:31,(anonymous_6)
FN:31,(anonymous_7)
FNF:5
FNH:0
FNDA:0,(anonymous_2)
FNDA:0,(anonymous_4)
FNDA:0,(anonymous_5)
FNDA:0,(anonymous_6)
FNDA:0,(anonymous_7)
DA:1,0
DA:10,0
DA:11,0
DA:14,0
DA:16,0
DA:19,0
DA:22,0
DA:24,0
DA:26,0
DA:29,0
DA:31,0
DA:33,0
DA:36,0
DA:39,0
DA:40,0
LF:15
LH:0
BRF:0
BRH:0
end_of_record
TN:
SF:src\models\post.ts
FN:16,(anonymous_2)
FN:29,(anonymous_4)
FN:29,(anonymous_5)
FN:33,(anonymous_6)
FN:33,(anonymous_7)
FNF:5
FNH:0
FNDA:0,(anonymous_2)
FNDA:0,(anonymous_4)
FNDA:0,(anonymous_5)
FNDA:0,(anonymous_6)
FNDA:0,(anonymous_7)
DA:1,0
DA:12,0
DA:13,0
DA:16,0
DA:18,0
DA:21,0
DA:24,0
DA:27,0
DA:29,0
DA:31,0
DA:33,0
DA:34,0
DA:37,0
DA:40,0
DA:41,0
LF:15
LH:0
BRF:0
BRH:0
end_of_record
TN:
SF:src\models\user.ts
FN:15,(anonymous_2)
FN:28,(anonymous_4)
FN:28,(anonymous_5)
FN:31,(anonymous_6)
FN:31,(anonymous_7)
FNF:5
FNH:0
FNDA:0,(anonymous_2)
FNDA:0,(anonymous_4)
FNDA:0,(anonymous_5)
FNDA:0,(anonymous_6)
FNDA:0,(anonymous_7)
DA:1,0
DA:10,0
DA:11,0
DA:15,0
DA:17,0
DA:20,0
DA:23,0
DA:26,0
DA:28,0
DA:29,0
DA:31,0
DA:32,0
DA:35,0
DA:38,0
DA:39,0
LF:15
LH:0
BRF:0
BRH:0
end_of_record
TN:
SF:src\repositories\comment.repository.ts
FN:10,(anonymous_14)
FN:14,(anonymous_17)
FN:14,(anonymous_18)
FN:24,(anonymous_20)
FN:24,(anonymous_21)
FNF:5
FNH:0
FNDA:0,(anonymous_14)
FNDA:0,(anonymous_17)
FNDA:0,(anonymous_18)
FNDA:0,(anonymous_20)
FNDA:0,(anonymous_21)
DA:1,0
DA:2,0
DA:10,0
DA:11,0
DA:14,0
DA:15,0
DA:16,0
DA:17,0
DA:18,0
DA:19,0
DA:20,0
DA:21,0
DA:24,0
DA:25,0
DA:29,0
DA:30,0
DA:33,0
LF:17
LH:0
BRDA:16,0,0,0
BRDA:16,0,1,0
BRDA:16,1,0,0
BRDA:16,1,1,0
BRDA:17,2,0,0
BRDA:17,2,1,0
BRDA:17,3,0,0
BRDA:17,3,1,0
BRDA:18,4,0,0
BRDA:18,4,1,0
BRDA:18,5,0,0
BRDA:18,5,1,0
BRDA:25,6,0,0
BRDA:29,7,0,0
BRF:14
BRH:0
end_of_record
TN:
SF:src\repositories\post.repository.ts
FN:10,(anonymous_14)
FN:14,(anonymous_17)
FN:14,(anonymous_18)
FN:25,(anonymous_20)
FN:25,(anonymous_21)
FNF:5
FNH:0
FNDA:0,(anonymous_14)
FNDA:0,(anonymous_17)
FNDA:0,(anonymous_18)
FNDA:0,(anonymous_20)
FNDA:0,(anonymous_21)
DA:1,0
DA:2,0
DA:10,0
DA:11,0
DA:14,0
DA:15,0
DA:16,0
DA:17,0
DA:18,0
DA:19,0
DA:20,0
DA:22,0
DA:25,0
DA:26,0
DA:30,0
DA:31,0
DA:34,0
LF:17
LH:0
BRDA:16,0,0,0
BRDA:16,0,1,0
BRDA:16,1,0,0
BRDA:16,1,1,0
BRDA:17,2,0,0
BRDA:17,2,1,0
BRDA:17,3,0,0
BRDA:17,3,1,0
BRDA:18,4,0,0
BRDA:18,4,1,0
BRDA:18,5,0,0
BRDA:18,5,1,0
BRDA:26,6,0,0
BRDA:30,7,0,0
BRF:14
BRH:0
end_of_record
TN:
SF:src\repositories\user.repository.ts
FN:10,(anonymous_14)
FN:14,(anonymous_17)
FN:14,(anonymous_18)
FN:25,(anonymous_20)
FN:25,(anonymous_21)
FNF:5
FNH:0
FNDA:0,(anonymous_14)
FNDA:0,(anonymous_17)
FNDA:0,(anonymous_18)
FNDA:0,(anonymous_20)
FNDA:0,(anonymous_21)
DA:1,0
DA:2,0
DA:10,0
DA:11,0
DA:14,0
DA:15,0
DA:16,0
DA:17,0
DA:18,0
DA:19,0
DA:20,0
DA:22,0
DA:25,0
DA:26,0
LF:14
LH:0
BRDA:16,0,0,0
BRDA:16,0,1,0
BRDA:16,1,0,0
BRDA:16,1,1,0
BRDA:17,2,0,0
BRDA:17,2,1,0
BRDA:17,3,0,0
BRDA:17,3,1,0
BRDA:18,4,0,0
BRDA:18,4,1,0
BRDA:18,5,0,0
BRDA:18,5,1,0
BRDA:26,6,0,0
BRDA:26,6,1,0
BRF:14
BRH:0
end_of_record
TN:
SF:src\routes\comment.router.ts
FN:11,(anonymous_14)
FN:11,(anonymous_15)
FN:16,(anonymous_17)
FN:16,(anonymous_18)
FN:28,(anonymous_20)
FN:28,(anonymous_21)
FNF:6
FNH:0
FNDA:0,(anonymous_14)
FNDA:0,(anonymous_15)
FNDA:0,(anonymous_17)
FNDA:0,(anonymous_18)
FNDA:0,(anonymous_20)
FNDA:0,(anonymous_21)
DA:1,0
DA:2,0
DA:3,0
DA:4,0
DA:5,0
DA:7,0
DA:9,0
DA:11,0
DA:12,0
DA:13,0
DA:16,0
DA:17,0
DA:18,0
DA:20,0
DA:21,0
DA:22,0
DA:24,0
DA:25,0
DA:28,0
DA:29,0
DA:31,0
DA:32,0
DA:35,0
DA:38,0
LF:24
LH:0
BRDA:12,0,0,0
BRDA:20,1,0,0
BRDA:29,2,0,0
BRDA:31,3,0,0
BRF:4
BRH:0
end_of_record
TN:
SF:src\routes\index.ts
FN:9,(anonymous_14)
FN:9,(anonymous_15)
FNF:2
FNH:0
FNDA:0,(anonymous_14)
FNDA:0,(anonymous_15)
DA:1,0
DA:2,0
DA:3,0
DA:4,0
DA:5,0
DA:7,0
DA:9,0
DA:10,0
DA:11,0
DA:12,0
DA:15,0
DA:16,0
DA:17,0
DA:19,0
LF:14
LH:0
BRF:0
BRH:0
end_of_record
TN:
SF:src\routes\post.router.ts
FN:11,(anonymous_14)
FN:11,(anonymous_15)
FN:16,(anonymous_17)
FN:16,(anonymous_18)
FN:29,(anonymous_20)
FN:29,(anonymous_21)
FNF:6
FNH:0
FNDA:0,(anonymous_14)
FNDA:0,(anonymous_15)
FNDA:0,(anonymous_17)
FNDA:0,(anonymous_18)
FNDA:0,(anonymous_20)
FNDA:0,(anonymous_21)
DA:1,0
DA:2,0
DA:3,0
DA:4,0
DA:5,0
DA:7,0
DA:9,0
DA:11,0
DA:12,0
DA:13,0
DA:16,0
DA:17,0
DA:18,0
DA:20,0
DA:21,0
DA:22,0
DA:25,0
DA:26,0
DA:29,0
DA:30,0
DA:32,0
DA:33,0
DA:36,0
DA:39,0
LF:24
LH:0
BRDA:12,0,0,0
BRDA:20,1,0,0
BRDA:30,2,0,0
BRDA:32,3,0,0
BRF:4
BRH:0
end_of_record
TN:
SF:src\routes\user.router.ts
FN:11,(anonymous_14)
FN:11,(anonymous_15)
FN:16,(anonymous_17)
FN:16,(anonymous_18)
FN:39,(anonymous_20)
FN:39,(anonymous_21)
FNF:6
FNH:0
FNDA:0,(anonymous_14)
FNDA:0,(anonymous_15)
FNDA:0,(anonymous_17)
FNDA:0,(anonymous_18)
FNDA:0,(anonymous_20)
FNDA:0,(anonymous_21)
DA:1,0
DA:2,0
DA:3,0
DA:4,0
DA:5,0
DA:6,0
DA:7,0
DA:9,0
DA:11,0
DA:12,0
DA:13,0
DA:16,0
DA:17,0
DA:18,0
DA:21,0
DA:22,0
DA:23,0
DA:25,0
DA:26,0
DA:27,0
DA:30,0
DA:31,0
DA:32,0
DA:35,0
DA:36,0
DA:39,0
DA:40,0
DA:42,0
DA:43,0
DA:46,0
DA:49,0
LF:31
LH:0
BRDA:12,0,0,0
BRDA:25,1,0,0
BRDA:30,2,0,0
BRDA:40,3,0,0
BRDA:42,4,0,0
BRF:5
BRH:0
end_of_record
